<!-- single file version -->
<!DOCTYPE html>
<html>
<head>
  <link href="css/github.css" rel="stylesheet" type="text/css">
  <link href="resources/css/common.css" rel="stylesheet" type="text/css">
  <meta charset="utf-8" />
</head>
<body>

<div class="container">
<div class="header"></div>
<div id="30083288" class="content">
<h1>Errors Building Titanium Projects</h1>
<div class="section section-2 " id="30083288_ErrorsBuildingTitaniumProjects-Contents">
<h2 class="heading "><span>Contents</span></h2>
<p>
</p>
<ul class="toc-indentation "><li class=" "> <p>
<a class="document-link " href="#!/guide/Errors_Building_Titanium_Projects-section-30083288_ErrorsBuildingTitaniumProjects-Overview" errors_building_titanium_projects.html#30083288_errorsbuildingtitaniumprojects-overview="Errors_Building_Titanium_Projects.html#30083288_ErrorsBuildingTitaniumProjects-Overview">Overview</a> </p>
</li><li class=" "> <p>
<a class="document-link " href="#!/guide/Errors_Building_Titanium_Projects-section-30083288_ErrorsBuildingTitaniumProjects-Run%2FDebugiconsaregreyedout" errors_building_titanium_projects.html#30083288_errorsbuildingtitaniumprojects-run%2fdebugiconsaregreyedout="Errors_Building_Titanium_Projects.html#30083288_ErrorsBuildingTitaniumProjects-Run%2FDebugiconsaregreyedout">Run/Debug icons are greyed out</a> </p>
</li><li class=" "> <p>
<a class="document-link " href="#!/guide/Errors_Building_Titanium_Projects-section-30083288_ErrorsBuildingTitaniumProjects-Builderrorinconsoleoutput" errors_building_titanium_projects.html#30083288_errorsbuildingtitaniumprojects-builderrorinconsoleoutput="Errors_Building_Titanium_Projects.html#30083288_ErrorsBuildingTitaniumProjects-Builderrorinconsoleoutput">Build error in console output</a> </p>
</li><li class=" "> <p>
<a class="document-link " href="#!/guide/Errors_Building_Titanium_Projects-section-30083288_ErrorsBuildingTitaniumProjects-Builderror%3ANosuchfileordirectory" errors_building_titanium_projects.html#30083288_errorsbuildingtitaniumprojects-builderror%3anosuchfileordirectory="Errors_Building_Titanium_Projects.html#30083288_ErrorsBuildingTitaniumProjects-Builderror%3ANosuchfileordirectory">Build error: No such file or directory</a> </p>
</li><li class=" "> <p>
<a class="document-link " href="#!/guide/Errors_Building_Titanium_Projects-section-30083288_ErrorsBuildingTitaniumProjects-BuildError%3AiOSModule%3ANomodulenamedtools" errors_building_titanium_projects.html#30083288_errorsbuildingtitaniumprojects-builderror%3aiosmodule%3anomodulenamedtools="Errors_Building_Titanium_Projects.html#30083288_ErrorsBuildingTitaniumProjects-BuildError%3AiOSModule%3ANomodulenamedtools">Build Error: iOS Module: No module named tools</a> </p>
</li><li class=" "> <p>
<a class="document-link " href="#!/guide/Errors_Building_Titanium_Projects-section-30083288_ErrorsBuildingTitaniumProjects-InstallError%3AINSTALL_FAILED_MISSING_SHARED_LIBRARY" errors_building_titanium_projects.html#30083288_errorsbuildingtitaniumprojects-installerror%3ainstall_failed_missing_shared_library="Errors_Building_Titanium_Projects.html#30083288_ErrorsBuildingTitaniumProjects-InstallError%3AINSTALL_FAILED_MISSING_SHARED_LIBRARY">Install Error: INSTALL_FAILED_MISSING_SHARED_LIBRARY</a> </p>
</li><li class=" "> <p>
<a class="document-link " href="#!/guide/Errors_Building_Titanium_Projects-section-30083288_ErrorsBuildingTitaniumProjects-Xcodenotinstalled" errors_building_titanium_projects.html#30083288_errorsbuildingtitaniumprojects-xcodenotinstalled="Errors_Building_Titanium_Projects.html#30083288_ErrorsBuildingTitaniumProjects-Xcodenotinstalled">Xcode not installed</a> </p>
</li><li class=" "> <p>
<a class="document-link " href="#!/guide/Errors_Building_Titanium_Projects-section-30083288_ErrorsBuildingTitaniumProjects-Thedirectory...contains2projects" errors_building_titanium_projects.html#30083288_errorsbuildingtitaniumprojects-thedirectory...contains2projects="Errors_Building_Titanium_Projects.html#30083288_ErrorsBuildingTitaniumProjects-Thedirectory...contains2projects">The directory ... contains 2 projects</a> </p>
</li></ul> </div>
<div class="section section-2 " id="30083288_ErrorsBuildingTitaniumProjects-Overview">
<h2 class="heading "><span>Overview</span></h2>
<p>
Errors while building a Titanium project are usually due to configuration issues. The most common problems and possible solutions are posted here.    </p>
</div>
<div class="section section-2 " id="30083288_ErrorsBuildingTitaniumProjects-Run/Debugiconsaregreyedout">
<h2 class="heading "><span>Run/Debug icons are greyed out</span></h2>
<p>
This occurs when a project isn&apos;t recognized as a Titanium project. You can check whether the project has the correct type by looking at the project folder in the <strong class=" ">Navigator</strong> or <strong class=" ">Project Explorer</strong> view. If the type is set correctly, the folder should have an &quot;M&quot; icon (for Mobile) or a &quot;D&quot; icon (for Desktop). If the icon is missing, the project type is set incorrectly.    </p>
<ol class=" "><li class=" "> <p>
Follow the steps in <a class="document-link " href="#!/guide/Changing_Your_Project_Type" changing_your_project_type.html="Changing_Your_Project_Type.html">Changing Your Project Type</a>, choosing the settings for Titanium Mobile or Titanium Desktop.    </p>
</li><li class=" "> <p>
After changing the project type, you may need to restart Studio.    </p>
</li></ol> </div>
<div class="section section-2 " id="30083288_ErrorsBuildingTitaniumProjects-Builderrorinconsoleoutput">
<h2 class="heading "><span>Build error in console output</span></h2>
<p>
Sometimes your project fails to build, but it&apos;s not clear if it&apos;s an issue with Studio, or perhaps there is a bug in the SDK. To isolate this problem, you can try building from the command line using the exact same parameters as Studio.    </p>
<ol class=" "><li class=" "> <p>
Open the Studio <strong class=" ">Preferences</strong> dialog and navigate to<strong class=" "> Studio &gt; Troubleshooting</strong>.    </p>
<ol class=" "><li class=" "> <p>
Push the slider all the way to the right to &quot;All&quot;    </p>
</li><li class=" "> <p>
Check on &quot;debug specific components&quot;    </p>
</li><li class=" "> <p>
Check on &quot;com.aptana.core/debug/shell&quot;    </p>
</li></ol></li><li class=" "> <p>
Save and exit the preference menu    </p>
</li><li class=" "> <p>
Re-run the build. View the Studio log file (<strong class=" ">Help &gt; Studio &gt; View Log file</strong>)    </p>
</li><li class=" "> <p>
You should see an entry like:    </p>
<div xmlns="http://www.w3.org/1999/xhtml" class="confbox programlisting scroll-unprocessed">
<div class="defaultnew syntaxhighlighter">
<div class="line"><code class="plain">!ENTRY com.aptana.core </code><code class="value">1</code><code class="plain"> </code><code class="value">0</code><code class="plain"> </code><code class="value">2011</code><code class="plain">-</code><code class="value">10</code><code class="plain">-</code><code class="value">26</code><code class="plain"> </code><code class="value">06</code><code class="plain">:</code><code class="value">54</code><code class="plain">:</code><code class="value">16.525</code></div>
<div class="line"><code class="plain">!MESSAGE (Build </code><code class="value">3.0</code><code class="plain">.</code><code class="value">4</code><code class="plain">.qualifier) [INFO] com.aptana.core/debug/shell Running process:</code></div>
<div class="line"><code class="plain">Process: </code><code class="string">&quot;/usr/bin/python&quot;</code><code class="plain"> </code><code class="string">&quot;/Library/Application Support/Titanium/mobilesdk/osx/1.7.2/iphone/builder.py&quot;</code><code class="plain"> </code><code class="string">&quot;simulator&quot;</code><code class="plain"> </code><code class="string">&quot;4.3&quot;</code><code class="plain"> </code><code class="string">&quot;/Users/ingo/Documents/Aptana Studio 3 Workspace/testmobil&quot;</code><code class="plain"> </code><code class="string">&quot;com.app&quot;</code><code class="plain"> </code><code class="string">&quot;testmobil&quot;</code><code class="plain"> </code><code class="string">&quot;universal&quot;</code><code class="plain"> </code><code class="string">&quot;iphone&quot;</code><code class="plain"> </code><code class="string">&quot;&quot;</code></div>
<div class="line"><code class="plain">Working directory: </code><code class="keyword">null</code></div>
<div class="line"><code class="plain">Environment: </code><code class="keyword">null</code></div>
</div>
</div></li><li class=" "> <p>
Open a terminal window and paste in the first line (the whole line, starting with the reference to Python), as shown below:    </p>
<img src="images/download/attachments/30083288/Screen_Shot_2011-10-26_at_6.57.37_AM.png" alt="images/download/attachments/30083288/Screen_Shot_2011-10-26_at_6.57.37_AM.png" class="confluence-embedded-image confluence-content-image-border">
</li></ol> <p>
Does the process give the same error?    </p>
</div>
<div class="section section-2 " id="30083288_ErrorsBuildingTitaniumProjects-Builderror:Nosuchfileordirectory">
<h2 class="heading "><span>Build error: No such file or directory</span></h2>
<p>
This can be caused by a few different issues:    </p>
<ol class=" "><li class=" "> <p>
You are running an incompatible version of XCode. Upgrade to the latest version.    </p>
</li><li class=" "> <p>
You have not correctly installed the Java JDK.    </p>
</li></ol> </div>
<div class="section section-2 " id="30083288_ErrorsBuildingTitaniumProjects-BuildError:iOSModule:Nomodulenamedtools">
<h2 class="heading "><span>Build Error: iOS Module: No module named tools</span></h2>
<p>
When building an iOS module, you may run into the following error:    </p>
<div xmlns="http://www.w3.org/1999/xhtml" class="confbox programlisting scroll-unprocessed">
<div class="defaultnew syntaxhighlighter">
<div class="line"><code class="plain">Traceback (most recent call last):</code></div>
<div class="line"><code class="plain">  File </code><code class="string">&quot;/Users/username/Documents/Workspace/module/build.py&quot;</code><code class="plain">, line </code><code class="value">9</code><code class="plain">, in &lt;module&gt;</code></div>
<div class="line"><code class="plain">    from tools </code><code class="keyword">import</code><code class="plain"> ensure_dev_path</code></div>
<div class="line"><code class="plain">ImportError: No module named tools</code></div>
</div>
</div> <p>
There are two possible fixes.    </p>
<ol class=" "><li class=" "> <p>
Check your module.xcconfig. It may be that TITANIUM_SDK_VERSION and TITANIUM_SDK point to the wrong version or location.    </p>
</li><li class=" "> <p>
Create a new project and copy over the build.py from that new project to yours. It could be your build script is out of date.    </p>
</li></ol> </div>
<div class="section section-2 " id="30083288_ErrorsBuildingTitaniumProjects-InstallError:INSTALL_FAILED_MISSING_SHARED_LIBRARY">
<h2 class="heading "><span>Install Error: INSTALL_FAILED_MISSING_SHARED_LIBRARY</span></h2>
<p>
When launching an Android application on the emulator, you may run into the following error:    </p>
<div xmlns="http://www.w3.org/1999/xhtml" class="confbox programlisting scroll-unprocessed">
<div class="defaultnew syntaxhighlighter">
<div class="line"><code class="plain">[ERROR] Failed installing com.appcelerator.titanium: 	pkg: /data/local/tmp/app.apk</code></div>
<div class="line"><code class="plain">Failure [INSTALL_FAILED_MISSING_SHARED_LIBRARY]</code></div>
</div>
</div> <p>
There are a few possible fixes.    </p>
<ol class=" "><li class=" "> <p>
Check that your launch configuration uses the <i class=" ">&apos;Google APIs&apos;</i> Android version (e.g. &apos;Google APIs Android 2.2&apos;).    </p>
</li><li class=" "> <p>
Kill the emulator (<i class=" ">adb</i>) process, and relaunch the application through your launch-configurations.    </p>
</li></ol> </div>
<div class="section section-2 " id="30083288_ErrorsBuildingTitaniumProjects-Xcodenotinstalled">
<h2 class="heading "><span>Xcode not installed</span></h2>
<p>
Studio reports that Xcode is not installed, even though you believe it is. This appears to be caused by a bad install of Xcode. Uninstalling and re-installing Xcode has fixed the issue in every case so far.    </p>
<p>
You can double check the install location of Xcode by typing the following in Terminal:    </p>
<div xmlns="http://www.w3.org/1999/xhtml" class="confbox programlisting scroll-unprocessed">
<div class="defaultnew syntaxhighlighter">
<div class="line"><code class="plain">xcode-select -print-path</code></div>
</div>
</div> <p>
Which should print something like &apos;/Developer&apos;    </p>
</div>
<div class="section section-2 " id="30083288_ErrorsBuildingTitaniumProjects-Thedirectory...contains2projects">
<h2 class="heading "><span>The directory ... contains 2 projects</span></h2>
<p>
This can happen when renaming an application. To fix this, delete the contents of <strong class=" ">build/iphone</strong> and re-build.    </p>
</div>
</div>

</div>

</body>
</html>